Traceback (most recent call last):
  File "F:\OneDrive - str.ucture GmbH\General\CoKLIMAx (Phase 2)\CoKLIMAx-II\myenv\lib\site-packages\jupyter_cache\executors\utils.py", line 58, in single_nb_execution
    executenb(
  File "F:\OneDrive - str.ucture GmbH\General\CoKLIMAx (Phase 2)\CoKLIMAx-II\myenv\lib\site-packages\nbclient\client.py", line 1314, in execute
    return NotebookClient(nb=nb, resources=resources, km=km, **kwargs).execute()
  File "F:\OneDrive - str.ucture GmbH\General\CoKLIMAx (Phase 2)\CoKLIMAx-II\myenv\lib\site-packages\jupyter_core\utils\__init__.py", line 165, in wrapped
    return loop.run_until_complete(inner)
  File "C:\Users\Shailesh\AppData\Local\Programs\Python\Python310\lib\asyncio\base_events.py", line 641, in run_until_complete
    return future.result()
  File "F:\OneDrive - str.ucture GmbH\General\CoKLIMAx (Phase 2)\CoKLIMAx-II\myenv\lib\site-packages\nbclient\client.py", line 709, in async_execute
    await self.async_execute_cell(
  File "F:\OneDrive - str.ucture GmbH\General\CoKLIMAx (Phase 2)\CoKLIMAx-II\myenv\lib\site-packages\nbclient\client.py", line 1062, in async_execute_cell
    await self._check_raise_for_error(cell, cell_index, exec_reply)
  File "F:\OneDrive - str.ucture GmbH\General\CoKLIMAx (Phase 2)\CoKLIMAx-II\myenv\lib\site-packages\nbclient\client.py", line 918, in _check_raise_for_error
    raise CellExecutionError.from_cell_and_msg(cell, exec_reply_content)
nbclient.exceptions.CellExecutionError: An error occurred while executing the following cell:
------------------
# Define a request to download all Sentinel-2 bands
request_all_bands = SentinelHubRequest(
    data_folder = download_folder,
    evalscript=evalscript_sentinel2_all_bands,
    input_data=[
        SentinelHubRequest.input_data(
            data_collection=DataCollection.SENTINEL2_L1C.define_from(
                "s2l1c",
                service_url=config.sh_base_url
            ),
            time_interval=time_interval,
            mosaicking_order=MosaickingOrder.LEAST_CC,
        )
    ],
    responses=[SentinelHubRequest.output_response("default", MimeType.TIFF)],
    bbox=aoi_bbox,
    size=aoi_size,
    config=config,
)

all_bands_response = request_all_bands.get_data(save_data=False)
------------------


[1;31m---------------------------------------------------------------------------[0m
[1;31mNameError[0m                                 Traceback (most recent call last)
Cell [1;32mIn[12], line 4[0m
[0;32m      1[0m [38;5;66;03m# Define a request to download all Sentinel-2 bands[39;00m
[0;32m      2[0m request_all_bands [38;5;241m=[39m SentinelHubRequest(
[0;32m      3[0m     data_folder [38;5;241m=[39m download_folder,
[1;32m----> 4[0m     evalscript[38;5;241m=[39m[43mevalscript_sentinel2_all_bands[49m,
[0;32m      5[0m     input_data[38;5;241m=[39m[
[0;32m      6[0m         SentinelHubRequest[38;5;241m.[39minput_data(
[0;32m      7[0m             data_collection[38;5;241m=[39mDataCollection[38;5;241m.[39mSENTINEL2_L1C[38;5;241m.[39mdefine_from(
[0;32m      8[0m                 [38;5;124m"[39m[38;5;124ms2l1c[39m[38;5;124m"[39m,
[0;32m      9[0m                 service_url[38;5;241m=[39mconfig[38;5;241m.[39msh_base_url
[0;32m     10[0m             ),
[0;32m     11[0m             time_interval[38;5;241m=[39mtime_interval,
[0;32m     12[0m             mosaicking_order[38;5;241m=[39mMosaickingOrder[38;5;241m.[39mLEAST_CC,
[0;32m     13[0m         )
[0;32m     14[0m     ],
[0;32m     15[0m     responses[38;5;241m=[39m[SentinelHubRequest[38;5;241m.[39moutput_response([38;5;124m"[39m[38;5;124mdefault[39m[38;5;124m"[39m, MimeType[38;5;241m.[39mTIFF)],
[0;32m     16[0m     bbox[38;5;241m=[39maoi_bbox,
[0;32m     17[0m     size[38;5;241m=[39maoi_size,
[0;32m     18[0m     config[38;5;241m=[39mconfig,
[0;32m     19[0m )
[0;32m     21[0m all_bands_response [38;5;241m=[39m request_all_bands[38;5;241m.[39mget_data(save_data[38;5;241m=[39m[38;5;28;01mFalse[39;00m)

[1;31mNameError[0m: name 'evalscript_sentinel2_all_bands' is not defined

